[2022-07-0701:57:39]   [ ERROR] [GlobalExceptionHandler:19] Failed to convert value of type 'java.lang.String' to required type 'java.lang.Integer'; nested exception is java.lang.NumberFormatException: For input string: "l"
[2022-07-0701:59:00]   [ ERROR] [GlobalExceptionHandler:19] Failed to convert value of type 'java.lang.String' to required type 'java.lang.Integer'; nested exception is java.lang.NumberFormatException: For input string: "oli"
[2022-07-0701:59:07]   [ ERROR] [GlobalExceptionHandler:19] Failed to convert value of type 'java.lang.String' to required type 'java.lang.Integer'; nested exception is java.lang.NumberFormatException: For input string: "8p"
[2022-07-0722:54:24]   [ ERROR] [GlobalExceptionHandler:19] ids for this class must be manually assigned before calling save(): com.example.ProyectoFinal.models.Turno; nested exception is org.hibernate.id.IdentifierGenerationException: ids for this class must be manually assigned before calling save(): com.example.ProyectoFinal.models.Turno
[2022-07-0722:54:42]   [ ERROR] [GlobalExceptionHandler:19] ids for this class must be manually assigned before calling save(): com.example.ProyectoFinal.models.Turno; nested exception is org.hibernate.id.IdentifierGenerationException: ids for this class must be manually assigned before calling save(): com.example.ProyectoFinal.models.Turno
[2022-07-0722:56:14]   [ ERROR] [GlobalExceptionHandler:19] ids for this class must be manually assigned before calling save(): com.example.ProyectoFinal.models.Turno; nested exception is org.hibernate.id.IdentifierGenerationException: ids for this class must be manually assigned before calling save(): com.example.ProyectoFinal.models.Turno
[2022-07-0723:00:08]   [ ERROR] [GlobalExceptionHandler:19] ids for this class must be manually assigned before calling save(): com.example.ProyectoFinal.models.Turno; nested exception is org.hibernate.id.IdentifierGenerationException: ids for this class must be manually assigned before calling save(): com.example.ProyectoFinal.models.Turno
[2022-07-0723:05:10]   [ ERROR] [GlobalExceptionHandler:19] could not execute statement; SQL [n/a]; constraint [null]; nested exception is org.hibernate.exception.ConstraintViolationException: could not execute statement
[2022-07-0723:06:29]   [ ERROR] [GlobalExceptionHandler:19] could not execute statement; SQL [n/a]; constraint [null]; nested exception is org.hibernate.exception.ConstraintViolationException: could not execute statement
[2022-07-0723:17:54]   [ ERROR] [GlobalExceptionHandler:19] Request method 'POST' not supported
[2022-07-0723:18:20]   [ ERROR] [GlobalExceptionHandler:19] Request method 'POST' not supported
[2022-07-0723:18:39]   [ ERROR] [GlobalExceptionHandler:19] Request method 'POST' not supported
[2022-07-0723:18:44]   [ ERROR] [GlobalExceptionHandler:19] Request method 'POST' not supported
[2022-07-0723:18:50]   [ ERROR] [GlobalExceptionHandler:19] could not execute statement; SQL [n/a]; constraint [null]; nested exception is org.hibernate.exception.ConstraintViolationException: could not execute statement
[2022-07-0723:22:04]   [ ERROR] [GlobalExceptionHandler:19] could not execute statement; SQL [n/a]; constraint [null]; nested exception is org.hibernate.exception.ConstraintViolationException: could not execute statement
[2022-07-0723:23:25]   [ ERROR] [GlobalExceptionHandler:19] could not execute statement; SQL [n/a]; constraint [null]; nested exception is org.hibernate.exception.ConstraintViolationException: could not execute statement
[2022-07-0723:23:33]   [ ERROR] [GlobalExceptionHandler:19] Request method 'POST' not supported
[2022-07-0723:24:39]   [ ERROR] [GlobalExceptionHandler:19] could not execute statement; SQL [n/a]; constraint [null]; nested exception is org.hibernate.exception.ConstraintViolationException: could not execute statement
[2022-07-0723:24:46]   [ ERROR] [GlobalExceptionHandler:19] could not execute statement; SQL [n/a]; constraint [null]; nested exception is org.hibernate.exception.ConstraintViolationException: could not execute statement
[2022-07-0723:26:44]   [ ERROR] [GlobalExceptionHandler:19] ids for this class must be manually assigned before calling save(): com.example.ProyectoFinal.models.Turno; nested exception is org.hibernate.id.IdentifierGenerationException: ids for this class must be manually assigned before calling save(): com.example.ProyectoFinal.models.Turno
[2022-07-0723:31:34]   [ ERROR] [GlobalExceptionHandler:19] could not execute statement; SQL [n/a]; constraint [null]; nested exception is org.hibernate.exception.ConstraintViolationException: could not execute statement
[2022-07-0723:37:32]   [ ERROR] [GlobalExceptionHandler:19] could not execute statement; SQL [n/a]; constraint [null]; nested exception is org.hibernate.exception.ConstraintViolationException: could not execute statement
[2022-07-0723:42:12]   [ ERROR] [GlobalExceptionHandler:19] could not execute statement; SQL [n/a]; constraint [null]; nested exception is org.hibernate.exception.ConstraintViolationException: could not execute statement
[2022-07-0723:54:16]   [ ERROR] [GlobalExceptionHandler:19] could not execute statement; SQL [n/a]; constraint [null]; nested exception is org.hibernate.exception.ConstraintViolationException: could not execute statement
[2022-07-0800:13:37]   [ ERROR] [GlobalExceptionHandler:19] could not execute statement; SQL [n/a]; constraint [null]; nested exception is org.hibernate.exception.ConstraintViolationException: could not execute statement
[2022-07-0800:17:07]   [ ERROR] [GlobalExceptionHandler:19] Request method 'POST' not supported
[2022-07-0800:17:23]   [ ERROR] [GlobalExceptionHandler:19] could not execute statement; SQL [n/a]; constraint [null]; nested exception is org.hibernate.exception.ConstraintViolationException: could not execute statement
[2022-07-0800:23:47]   [ ERROR] [GlobalExceptionHandler:19] could not execute statement; SQL [n/a]; constraint [null]; nested exception is org.hibernate.exception.ConstraintViolationException: could not execute statement
[2022-07-0800:38:48]   [ ERROR] [GlobalExceptionHandler:19] could not execute statement; SQL [n/a]; constraint [null]; nested exception is org.hibernate.exception.ConstraintViolationException: could not execute statement
[2022-07-0800:41:54]   [ ERROR] [GlobalExceptionHandler:19] could not execute statement; SQL [n/a]; constraint [null]; nested exception is org.hibernate.exception.ConstraintViolationException: could not execute statement
[2022-07-0800:49:51]   [ ERROR] [GlobalExceptionHandler:19] could not execute statement; SQL [n/a]; constraint [null]; nested exception is org.hibernate.exception.ConstraintViolationException: could not execute statement
[2022-07-0918:30:17]   [ ERROR] [GlobalExceptionHandler:19] Request method 'POST' not supported
[2022-07-0918:49:55]   [ ERROR] [GlobalExceptionHandler:19] could not execute statement; SQL [n/a]; constraint ["FKE6NBFHWYMISXJA2FVDUNYRTB: PUBLIC.TURNO FOREIGN KEY(ODONTOLOGO_ID) REFERENCES PUBLIC.ODONTOLOGO(ID) (1)"; SQL statement:
delete from odontologo where id=? [23503-214]]; nested exception is org.hibernate.exception.ConstraintViolationException: could not execute statement
[2022-07-0918:50:22]   [ ERROR] [GlobalExceptionHandler:19] could not execute statement; SQL [n/a]; constraint ["FKE6NBFHWYMISXJA2FVDUNYRTB: PUBLIC.TURNO FOREIGN KEY(ODONTOLOGO_ID) REFERENCES PUBLIC.ODONTOLOGO(ID) (1)"; SQL statement:
delete from odontologo where id=? [23503-214]]; nested exception is org.hibernate.exception.ConstraintViolationException: could not execute statement
[2022-07-0919:08:39]   [ ERROR] [GlobalExceptionHandler:19] could not execute statement; SQL [n/a]; constraint ["FKE6NBFHWYMISXJA2FVDUNYRTB: PUBLIC.TURNO FOREIGN KEY(ODONTOLOGO_ID) REFERENCES PUBLIC.ODONTOLOGO(ID) (1)"; SQL statement:
delete from odontologo where id=? [23503-214]]; nested exception is org.hibernate.exception.ConstraintViolationException: could not execute statement
[2022-07-0919:21:55]   [ ERROR] [GlobalExceptionHandler:19] could not execute statement; SQL [n/a]; constraint ["FKE6NBFHWYMISXJA2FVDUNYRTB: PUBLIC.TURNO FOREIGN KEY(ODONTOLOGO_ID) REFERENCES PUBLIC.ODONTOLOGO(ID) (1)"; SQL statement:
delete from odontologo where id=? [23503-214]]; nested exception is org.hibernate.exception.ConstraintViolationException: could not execute statement
[2022-07-0919:21:55]   [ ERROR] [GlobalExceptionHandler:19] could not execute statement; SQL [n/a]; constraint ["FKE6NBFHWYMISXJA2FVDUNYRTB: PUBLIC.TURNO FOREIGN KEY(ODONTOLOGO_ID) REFERENCES PUBLIC.ODONTOLOGO(ID) (5)"; SQL statement:
delete from odontologo where id=? [23503-214]]; nested exception is org.hibernate.exception.ConstraintViolationException: could not execute statement
[2022-07-0919:22:37]   [ ERROR] [GlobalExceptionHandler:19] could not execute statement; SQL [n/a]; constraint ["FKE6NBFHWYMISXJA2FVDUNYRTB: PUBLIC.TURNO FOREIGN KEY(ODONTOLOGO_ID) REFERENCES PUBLIC.ODONTOLOGO(ID) (1)"; SQL statement:
delete from odontologo where id=? [23503-214]]; nested exception is org.hibernate.exception.ConstraintViolationException: could not execute statement
[2022-07-0919:23:06]   [ ERROR] [GlobalExceptionHandler:19] could not execute statement; SQL [n/a]; constraint ["FKE6NBFHWYMISXJA2FVDUNYRTB: PUBLIC.TURNO FOREIGN KEY(ODONTOLOGO_ID) REFERENCES PUBLIC.ODONTOLOGO(ID) (1)"; SQL statement:
delete from odontologo where id=? [23503-214]]; nested exception is org.hibernate.exception.ConstraintViolationException: could not execute statement
